{"C:\\Users\\rikis\\OneDrive\\Desktop\\Code-the-Dream\\Node-26.2\\node-homework\\app.js": {"path":"C:\\Users\\rikis\\OneDrive\\Desktop\\Code-the-Dream\\Node-26.2\\node-homework\\app.js","statementMap":{"0":{"start":{"line":2,"column":16},"end":{"line":2,"column":34}},"1":{"start":{"line":3,"column":15},"end":{"line":3,"column":37}},"2":{"start":{"line":4,"column":21},"end":{"line":4,"column":45}},"3":{"start":{"line":7,"column":15},"end":{"line":7,"column":32}},"4":{"start":{"line":8,"column":16},"end":{"line":8,"column":48}},"5":{"start":{"line":9,"column":20},"end":{"line":9,"column":49}},"6":{"start":{"line":12,"column":19},"end":{"line":12,"column":49}},"7":{"start":{"line":13,"column":19},"end":{"line":13,"column":49}},"8":{"start":{"line":14,"column":24},"end":{"line":14,"column":59}},"9":{"start":{"line":17,"column":24},"end":{"line":17,"column":57}},"10":{"start":{"line":18,"column":21},"end":{"line":18,"column":58}},"11":{"start":{"line":21,"column":12},"end":{"line":21,"column":21}},"12":{"start":{"line":25,"column":0},"end":{"line":25,"column":26}},"13":{"start":{"line":29,"column":0},"end":{"line":34,"column":2}},"14":{"start":{"line":37,"column":0},"end":{"line":37,"column":18}},"15":{"start":{"line":40,"column":0},"end":{"line":40,"column":40}},"16":{"start":{"line":43,"column":0},"end":{"line":43,"column":24}},"17":{"start":{"line":46,"column":0},"end":{"line":46,"column":15}},"18":{"start":{"line":49,"column":0},"end":{"line":56,"column":3}},"19":{"start":{"line":50,"column":2},"end":{"line":50,"column":39}},"20":{"start":{"line":51,"column":2},"end":{"line":51,"column":35}},"21":{"start":{"line":52,"column":2},"end":{"line":52,"column":25}},"22":{"start":{"line":55,"column":2},"end":{"line":55,"column":9}},"23":{"start":{"line":60,"column":0},"end":{"line":62,"column":3}},"24":{"start":{"line":61,"column":2},"end":{"line":61,"column":41}},"25":{"start":{"line":64,"column":0},"end":{"line":66,"column":3}},"26":{"start":{"line":65,"column":2},"end":{"line":65,"column":45}},"27":{"start":{"line":69,"column":0},"end":{"line":69,"column":34}},"28":{"start":{"line":72,"column":0},"end":{"line":72,"column":34}},"29":{"start":{"line":75,"column":0},"end":{"line":75,"column":43}},"30":{"start":{"line":78,"column":0},"end":{"line":87,"column":3}},"31":{"start":{"line":79,"column":2},"end":{"line":86,"column":3}},"32":{"start":{"line":80,"column":4},"end":{"line":80,"column":37}},"33":{"start":{"line":81,"column":4},"end":{"line":81,"column":48}},"34":{"start":{"line":83,"column":4},"end":{"line":85,"column":74}},"35":{"start":{"line":90,"column":0},"end":{"line":90,"column":25}},"36":{"start":{"line":93,"column":0},"end":{"line":93,"column":22}},"37":{"start":{"line":95,"column":13},"end":{"line":95,"column":37}},"38":{"start":{"line":98,"column":15},"end":{"line":100,"column":1}},"39":{"start":{"line":99,"column":2},"end":{"line":99,"column":55}},"40":{"start":{"line":102,"column":0},"end":{"line":109,"column":3}},"41":{"start":{"line":103,"column":2},"end":{"line":107,"column":3}},"42":{"start":{"line":104,"column":4},"end":{"line":104,"column":53}},"43":{"start":{"line":106,"column":4},"end":{"line":106,"column":40}},"44":{"start":{"line":108,"column":2},"end":{"line":108,"column":18}},"45":{"start":{"line":112,"column":21},"end":{"line":112,"column":26}},"46":{"start":{"line":114,"column":2},"end":{"line":114,"column":29}},"47":{"start":{"line":114,"column":22},"end":{"line":114,"column":29}},"48":{"start":{"line":115,"column":2},"end":{"line":115,"column":24}},"49":{"start":{"line":116,"column":2},"end":{"line":116,"column":45}},"50":{"start":{"line":117,"column":2},"end":{"line":129,"column":3}},"51":{"start":{"line":118,"column":4},"end":{"line":118,"column":58}},"52":{"start":{"line":118,"column":35},"end":{"line":118,"column":56}},"53":{"start":{"line":119,"column":4},"end":{"line":119,"column":39}},"54":{"start":{"line":121,"column":4},"end":{"line":121,"column":31}},"55":{"start":{"line":122,"column":4},"end":{"line":122,"column":39}},"56":{"start":{"line":124,"column":4},"end":{"line":124,"column":49}},"57":{"start":{"line":125,"column":4},"end":{"line":125,"column":13}},"58":{"start":{"line":127,"column":4},"end":{"line":127,"column":38}},"59":{"start":{"line":128,"column":4},"end":{"line":128,"column":23}},"60":{"start":{"line":132,"column":0},"end":{"line":132,"column":40}},"61":{"start":{"line":132,"column":27},"end":{"line":132,"column":38}},"62":{"start":{"line":133,"column":0},"end":{"line":133,"column":41}},"63":{"start":{"line":133,"column":28},"end":{"line":133,"column":39}},"64":{"start":{"line":134,"column":0},"end":{"line":137,"column":3}},"65":{"start":{"line":135,"column":2},"end":{"line":135,"column":44}},"66":{"start":{"line":136,"column":2},"end":{"line":136,"column":14}},"67":{"start":{"line":138,"column":0},"end":{"line":141,"column":3}},"68":{"start":{"line":139,"column":2},"end":{"line":139,"column":48}},"69":{"start":{"line":140,"column":2},"end":{"line":140,"column":14}},"70":{"start":{"line":143,"column":0},"end":{"line":143,"column":33}}},"fnMap":{"0":{"name":"(anonymous_0)","decl":{"start":{"line":49,"column":8},"end":{"line":49,"column":9}},"loc":{"start":{"line":49,"column":28},"end":{"line":56,"column":1}},"line":49},"1":{"name":"(anonymous_1)","decl":{"start":{"line":60,"column":13},"end":{"line":60,"column":14}},"loc":{"start":{"line":60,"column":27},"end":{"line":62,"column":1}},"line":60},"2":{"name":"(anonymous_2)","decl":{"start":{"line":64,"column":22},"end":{"line":64,"column":23}},"loc":{"start":{"line":64,"column":36},"end":{"line":66,"column":1}},"line":64},"3":{"name":"(anonymous_3)","decl":{"start":{"line":78,"column":19},"end":{"line":78,"column":20}},"loc":{"start":{"line":78,"column":39},"end":{"line":87,"column":1}},"line":78},"4":{"name":"(anonymous_4)","decl":{"start":{"line":98,"column":32},"end":{"line":98,"column":33}},"loc":{"start":{"line":99,"column":2},"end":{"line":99,"column":55}},"line":99},"5":{"name":"(anonymous_5)","decl":{"start":{"line":102,"column":19},"end":{"line":102,"column":20}},"loc":{"start":{"line":102,"column":28},"end":{"line":109,"column":1}},"line":102},"6":{"name":"shutdown","decl":{"start":{"line":113,"column":15},"end":{"line":113,"column":23}},"loc":{"start":{"line":113,"column":34},"end":{"line":130,"column":1}},"line":113},"7":{"name":"(anonymous_7)","decl":{"start":{"line":118,"column":22},"end":{"line":118,"column":23}},"loc":{"start":{"line":118,"column":35},"end":{"line":118,"column":56}},"line":118},"8":{"name":"(anonymous_8)","decl":{"start":{"line":132,"column":21},"end":{"line":132,"column":22}},"loc":{"start":{"line":132,"column":27},"end":{"line":132,"column":38}},"line":132},"9":{"name":"(anonymous_9)","decl":{"start":{"line":133,"column":22},"end":{"line":133,"column":23}},"loc":{"start":{"line":133,"column":28},"end":{"line":133,"column":39}},"line":133},"10":{"name":"(anonymous_10)","decl":{"start":{"line":134,"column":32},"end":{"line":134,"column":33}},"loc":{"start":{"line":134,"column":41},"end":{"line":137,"column":1}},"line":134},"11":{"name":"(anonymous_11)","decl":{"start":{"line":138,"column":33},"end":{"line":138,"column":34}},"loc":{"start":{"line":138,"column":45},"end":{"line":141,"column":1}},"line":138}},"branchMap":{"0":{"loc":{"start":{"line":95,"column":13},"end":{"line":95,"column":37}},"type":"binary-expr","locations":[{"start":{"line":95,"column":13},"end":{"line":95,"column":29}},{"start":{"line":95,"column":33},"end":{"line":95,"column":37}}],"line":95},"1":{"loc":{"start":{"line":103,"column":2},"end":{"line":107,"column":3}},"type":"if","locations":[{"start":{"line":103,"column":2},"end":{"line":107,"column":3}},{"start":{"line":105,"column":9},"end":{"line":107,"column":3}}],"line":103},"2":{"loc":{"start":{"line":113,"column":24},"end":{"line":113,"column":32}},"type":"default-arg","locations":[{"start":{"line":113,"column":31},"end":{"line":113,"column":32}}],"line":113},"3":{"loc":{"start":{"line":114,"column":2},"end":{"line":114,"column":29}},"type":"if","locations":[{"start":{"line":114,"column":2},"end":{"line":114,"column":29}},{"start":{},"end":{}}],"line":114}},"s":{"0":1,"1":1,"2":1,"3":1,"4":1,"5":1,"6":1,"7":1,"8":1,"9":1,"10":1,"11":1,"12":1,"13":1,"14":1,"15":1,"16":1,"17":1,"18":1,"19":5,"20":5,"21":5,"22":5,"23":1,"24":0,"25":1,"26":0,"27":1,"28":1,"29":1,"30":1,"31":0,"32":0,"33":0,"34":0,"35":1,"36":1,"37":1,"38":1,"39":1,"40":1,"41":0,"42":0,"43":0,"44":0,"45":1,"46":0,"47":0,"48":0,"49":0,"50":0,"51":0,"52":0,"53":0,"54":0,"55":0,"56":0,"57":0,"58":0,"59":0,"60":1,"61":0,"62":1,"63":0,"64":1,"65":0,"66":0,"67":1,"68":0,"69":0,"70":1},"f":{"0":5,"1":0,"2":0,"3":0,"4":1,"5":0,"6":0,"7":0,"8":0,"9":0,"10":0,"11":0},"b":{"0":[1,1],"1":[0,0],"2":[0],"3":[0,0]},"_coverageSchema":"1a1c01bbd47fc00a2c39e90264f33305004495a9","hash":"6fd3c586692881a2ea80ad13033070e0d2cc8c39"}
,"C:\\Users\\rikis\\OneDrive\\Desktop\\Code-the-Dream\\Node-26.2\\node-homework\\controllers\\analyticsController.js": {"path":"C:\\Users\\rikis\\OneDrive\\Desktop\\Code-the-Dream\\Node-26.2\\node-homework\\controllers\\analyticsController.js","statementMap":{"0":{"start":{"line":2,"column":24},"end":{"line":2,"column":52}},"1":{"start":{"line":5,"column":15},"end":{"line":5,"column":38}},"2":{"start":{"line":10,"column":17},"end":{"line":10,"column":41}},"3":{"start":{"line":12,"column":2},"end":{"line":16,"column":3}},"4":{"start":{"line":13,"column":4},"end":{"line":15,"column":53}},"5":{"start":{"line":19,"column":15},"end":{"line":21,"column":4}},"6":{"start":{"line":24,"column":2},"end":{"line":28,"column":3}},"7":{"start":{"line":25,"column":4},"end":{"line":27,"column":48}},"8":{"start":{"line":31,"column":20},"end":{"line":39,"column":4}},"9":{"start":{"line":42,"column":22},"end":{"line":59,"column":4}},"10":{"start":{"line":65,"column":23},"end":{"line":65,"column":69}},"11":{"start":{"line":67,"column":25},"end":{"line":76,"column":4}},"12":{"start":{"line":79,"column":2},"end":{"line":81,"column":54}},"13":{"start":{"line":86,"column":15},"end":{"line":86,"column":44}},"14":{"start":{"line":87,"column":16},"end":{"line":87,"column":47}},"15":{"start":{"line":90,"column":2},"end":{"line":94,"column":3}},"16":{"start":{"line":91,"column":4},"end":{"line":93,"column":78}},"17":{"start":{"line":96,"column":15},"end":{"line":96,"column":33}},"18":{"start":{"line":99,"column":19},"end":{"line":114,"column":4}},"19":{"start":{"line":117,"column":16},"end":{"line":126,"column":4}},"20":{"start":{"line":118,"column":4},"end":{"line":125,"column":6}},"21":{"start":{"line":129,"column":21},"end":{"line":129,"column":46}},"22":{"start":{"line":131,"column":21},"end":{"line":131,"column":50}},"23":{"start":{"line":132,"column":21},"end":{"line":139,"column":3}},"24":{"start":{"line":142,"column":2},"end":{"line":142,"column":41}},"25":{"start":{"line":147,"column":16},"end":{"line":147,"column":25}},"26":{"start":{"line":150,"column":2},"end":{"line":155,"column":3}},"27":{"start":{"line":151,"column":4},"end":{"line":154,"column":7}},"28":{"start":{"line":158,"column":16},"end":{"line":158,"column":47}},"29":{"start":{"line":162,"column":21},"end":{"line":162,"column":22}},"30":{"start":{"line":163,"column":21},"end":{"line":163,"column":28}},"31":{"start":{"line":164,"column":24},"end":{"line":164,"column":32}},"32":{"start":{"line":167,"column":18},"end":{"line":189,"column":17}},"33":{"start":{"line":192,"column":16},"end":{"line":192,"column":30}},"34":{"start":{"line":193,"column":2},"end":{"line":197,"column":5}},"35":{"start":{"line":200,"column":0},"end":{"line":200,"column":70}}},"fnMap":{"0":{"name":"getUserAnalytics","decl":{"start":{"line":8,"column":15},"end":{"line":8,"column":31}},"loc":{"start":{"line":8,"column":42},"end":{"line":82,"column":1}},"line":8},"1":{"name":"getUsersWithStats","decl":{"start":{"line":84,"column":15},"end":{"line":84,"column":32}},"loc":{"start":{"line":84,"column":43},"end":{"line":143,"column":1}},"line":84},"2":{"name":"(anonymous_2)","decl":{"start":{"line":117,"column":29},"end":{"line":117,"column":30}},"loc":{"start":{"line":117,"column":39},"end":{"line":126,"column":3}},"line":117},"3":{"name":"searchTasks","decl":{"start":{"line":145,"column":15},"end":{"line":145,"column":26}},"loc":{"start":{"line":145,"column":37},"end":{"line":198,"column":1}},"line":145}},"branchMap":{"0":{"loc":{"start":{"line":12,"column":2},"end":{"line":16,"column":3}},"type":"if","locations":[{"start":{"line":12,"column":2},"end":{"line":16,"column":3}},{"start":{},"end":{}}],"line":12},"1":{"loc":{"start":{"line":24,"column":2},"end":{"line":28,"column":3}},"type":"if","locations":[{"start":{"line":24,"column":2},"end":{"line":28,"column":3}},{"start":{},"end":{}}],"line":24},"2":{"loc":{"start":{"line":86,"column":15},"end":{"line":86,"column":44}},"type":"binary-expr","locations":[{"start":{"line":86,"column":15},"end":{"line":86,"column":39}},{"start":{"line":86,"column":43},"end":{"line":86,"column":44}}],"line":86},"3":{"loc":{"start":{"line":87,"column":16},"end":{"line":87,"column":47}},"type":"binary-expr","locations":[{"start":{"line":87,"column":16},"end":{"line":87,"column":41}},{"start":{"line":87,"column":45},"end":{"line":87,"column":47}}],"line":87},"4":{"loc":{"start":{"line":90,"column":2},"end":{"line":94,"column":3}},"type":"if","locations":[{"start":{"line":90,"column":2},"end":{"line":94,"column":3}},{"start":{},"end":{}}],"line":90},"5":{"loc":{"start":{"line":90,"column":6},"end":{"line":90,"column":51}},"type":"binary-expr","locations":[{"start":{"line":90,"column":6},"end":{"line":90,"column":18}},{"start":{"line":90,"column":22},"end":{"line":90,"column":51}}],"line":90},"6":{"loc":{"start":{"line":90,"column":24},"end":{"line":90,"column":50}},"type":"binary-expr","locations":[{"start":{"line":90,"column":24},"end":{"line":90,"column":34}},{"start":{"line":90,"column":38},"end":{"line":90,"column":50}}],"line":90},"7":{"loc":{"start":{"line":150,"column":2},"end":{"line":155,"column":3}},"type":"if","locations":[{"start":{"line":150,"column":2},"end":{"line":155,"column":3}},{"start":{},"end":{}}],"line":150},"8":{"loc":{"start":{"line":150,"column":6},"end":{"line":150,"column":31}},"type":"binary-expr","locations":[{"start":{"line":150,"column":6},"end":{"line":150,"column":8}},{"start":{"line":150,"column":12},"end":{"line":150,"column":31}}],"line":150},"9":{"loc":{"start":{"line":158,"column":16},"end":{"line":158,"column":47}},"type":"binary-expr","locations":[{"start":{"line":158,"column":16},"end":{"line":158,"column":41}},{"start":{"line":158,"column":45},"end":{"line":158,"column":47}}],"line":158}},"s":{"0":1,"1":1,"2":0,"3":0,"4":0,"5":0,"6":0,"7":0,"8":0,"9":0,"10":0,"11":0,"12":0,"13":0,"14":0,"15":0,"16":0,"17":0,"18":0,"19":0,"20":0,"21":0,"22":0,"23":0,"24":0,"25":0,"26":0,"27":0,"28":0,"29":0,"30":0,"31":0,"32":0,"33":0,"34":0,"35":1},"f":{"0":0,"1":0,"2":0,"3":0},"b":{"0":[0,0],"1":[0,0],"2":[0,0],"3":[0,0],"4":[0,0],"5":[0,0],"6":[0,0],"7":[0,0],"8":[0,0],"9":[0,0]},"_coverageSchema":"1a1c01bbd47fc00a2c39e90264f33305004495a9","hash":"23022d07f2a458b0fbd490f5d807856160d9ac45"}
,"C:\\Users\\rikis\\OneDrive\\Desktop\\Code-the-Dream\\Node-26.2\\node-homework\\controllers\\taskController.js": {"path":"C:\\Users\\rikis\\OneDrive\\Desktop\\Code-the-Dream\\Node-26.2\\node-homework\\controllers\\taskController.js","statementMap":{"0":{"start":{"line":1,"column":24},"end":{"line":1,"column":52}},"1":{"start":{"line":4,"column":40},"end":{"line":4,"column":75}},"2":{"start":{"line":7,"column":15},"end":{"line":7,"column":40}},"3":{"start":{"line":15,"column":17},"end":{"line":15,"column":29}},"4":{"start":{"line":16,"column":24},"end":{"line":16,"column":53}},"5":{"start":{"line":19,"column":25},"end":{"line":25,"column":3}},"6":{"start":{"line":31,"column":2},"end":{"line":33,"column":3}},"7":{"start":{"line":32,"column":4},"end":{"line":32,"column":39}},"8":{"start":{"line":36,"column":2},"end":{"line":36,"column":31}},"9":{"start":{"line":43,"column":2},"end":{"line":45,"column":3}},"10":{"start":{"line":44,"column":4},"end":{"line":44,"column":18}},"11":{"start":{"line":48,"column":27},"end":{"line":50,"column":4}},"12":{"start":{"line":53,"column":2},"end":{"line":55,"column":3}},"13":{"start":{"line":54,"column":4},"end":{"line":54,"column":80}},"14":{"start":{"line":58,"column":15},"end":{"line":62,"column":4}},"15":{"start":{"line":66,"column":2},"end":{"line":66,"column":52}},"16":{"start":{"line":71,"column":20},"end":{"line":71,"column":28}},"17":{"start":{"line":73,"column":2},"end":{"line":77,"column":3}},"18":{"start":{"line":74,"column":4},"end":{"line":76,"column":50}},"19":{"start":{"line":80,"column":25},"end":{"line":80,"column":27}},"20":{"start":{"line":81,"column":2},"end":{"line":95,"column":3}},"21":{"start":{"line":82,"column":29},"end":{"line":84,"column":6}},"22":{"start":{"line":87,"column":4},"end":{"line":91,"column":5}},"23":{"start":{"line":88,"column":6},"end":{"line":90,"column":9}},"24":{"start":{"line":94,"column":4},"end":{"line":94,"column":59}},"25":{"start":{"line":98,"column":2},"end":{"line":112,"column":3}},"26":{"start":{"line":99,"column":19},"end":{"line":101,"column":6}},"27":{"start":{"line":104,"column":4},"end":{"line":107,"column":7}},"28":{"start":{"line":111,"column":4},"end":{"line":111,"column":23}},"29":{"start":{"line":117,"column":22},"end":{"line":117,"column":45}},"30":{"start":{"line":120,"column":62},"end":{"line":120,"column":71}},"31":{"start":{"line":123,"column":2},"end":{"line":128,"column":3}},"32":{"start":{"line":124,"column":4},"end":{"line":127,"column":6}},"33":{"start":{"line":131,"column":2},"end":{"line":133,"column":3}},"34":{"start":{"line":132,"column":4},"end":{"line":132,"column":53}},"35":{"start":{"line":136,"column":2},"end":{"line":138,"column":3}},"36":{"start":{"line":137,"column":4},"end":{"line":137,"column":36}},"37":{"start":{"line":142,"column":2},"end":{"line":151,"column":3}},"38":{"start":{"line":143,"column":4},"end":{"line":143,"column":31}},"39":{"start":{"line":145,"column":4},"end":{"line":147,"column":5}},"40":{"start":{"line":146,"column":6},"end":{"line":146,"column":53}},"41":{"start":{"line":148,"column":4},"end":{"line":150,"column":5}},"42":{"start":{"line":149,"column":6},"end":{"line":149,"column":53}},"43":{"start":{"line":154,"column":15},"end":{"line":154,"column":44}},"44":{"start":{"line":155,"column":16},"end":{"line":155,"column":47}},"45":{"start":{"line":158,"column":2},"end":{"line":162,"column":3}},"46":{"start":{"line":159,"column":4},"end":{"line":161,"column":78}},"47":{"start":{"line":165,"column":15},"end":{"line":165,"column":33}},"48":{"start":{"line":168,"column":16},"end":{"line":186,"column":4}},"49":{"start":{"line":189,"column":2},"end":{"line":193,"column":3}},"50":{"start":{"line":190,"column":4},"end":{"line":192,"column":68}},"51":{"start":{"line":196,"column":30},"end":{"line":198,"column":4}},"52":{"start":{"line":201,"column":21},"end":{"line":201,"column":59}},"53":{"start":{"line":204,"column":21},"end":{"line":211,"column":3}},"54":{"start":{"line":213,"column":2},"end":{"line":216,"column":5}},"55":{"start":{"line":222,"column":23},"end":{"line":222,"column":47}},"56":{"start":{"line":225,"column":2},"end":{"line":229,"column":3}},"57":{"start":{"line":226,"column":4},"end":{"line":228,"column":61}},"58":{"start":{"line":232,"column":19},"end":{"line":232,"column":23}},"59":{"start":{"line":233,"column":2},"end":{"line":268,"column":3}},"60":{"start":{"line":234,"column":4},"end":{"line":252,"column":7}},"61":{"start":{"line":255,"column":4},"end":{"line":257,"column":5}},"62":{"start":{"line":256,"column":6},"end":{"line":256,"column":41}},"63":{"start":{"line":260,"column":4},"end":{"line":264,"column":5}},"64":{"start":{"line":261,"column":6},"end":{"line":263,"column":54}},"65":{"start":{"line":267,"column":4},"end":{"line":267,"column":14}},"66":{"start":{"line":271,"column":2},"end":{"line":271,"column":30}},"67":{"start":{"line":277,"column":2},"end":{"line":279,"column":3}},"68":{"start":{"line":278,"column":4},"end":{"line":278,"column":18}},"69":{"start":{"line":282,"column":27},"end":{"line":284,"column":4}},"70":{"start":{"line":287,"column":2},"end":{"line":289,"column":3}},"71":{"start":{"line":288,"column":4},"end":{"line":288,"column":80}},"72":{"start":{"line":292,"column":23},"end":{"line":292,"column":47}},"73":{"start":{"line":295,"column":2},"end":{"line":299,"column":3}},"74":{"start":{"line":296,"column":4},"end":{"line":298,"column":61}},"75":{"start":{"line":303,"column":13},"end":{"line":303,"column":17}},"76":{"start":{"line":304,"column":2},"end":{"line":325,"column":3}},"77":{"start":{"line":305,"column":4},"end":{"line":312,"column":7}},"78":{"start":{"line":314,"column":4},"end":{"line":314,"column":26}},"79":{"start":{"line":317,"column":4},"end":{"line":324,"column":5}},"80":{"start":{"line":318,"column":6},"end":{"line":320,"column":54}},"81":{"start":{"line":323,"column":6},"end":{"line":323,"column":23}},"82":{"start":{"line":330,"column":23},"end":{"line":330,"column":47}},"83":{"start":{"line":333,"column":2},"end":{"line":337,"column":3}},"84":{"start":{"line":334,"column":4},"end":{"line":336,"column":61}},"85":{"start":{"line":341,"column":20},"end":{"line":341,"column":24}},"86":{"start":{"line":343,"column":2},"end":{"line":362,"column":3}},"87":{"start":{"line":344,"column":4},"end":{"line":350,"column":7}},"88":{"start":{"line":352,"column":4},"end":{"line":352,"column":33}},"89":{"start":{"line":355,"column":4},"end":{"line":359,"column":5}},"90":{"start":{"line":356,"column":6},"end":{"line":358,"column":9}},"91":{"start":{"line":361,"column":4},"end":{"line":361,"column":14}},"92":{"start":{"line":365,"column":0},"end":{"line":365,"column":73}}},"fnMap":{"0":{"name":"createOrderBy","decl":{"start":{"line":12,"column":9},"end":{"line":12,"column":22}},"loc":{"start":{"line":12,"column":30},"end":{"line":37,"column":1}},"line":12},"1":{"name":"create","decl":{"start":{"line":41,"column":15},"end":{"line":41,"column":21}},"loc":{"start":{"line":41,"column":32},"end":{"line":67,"column":1}},"line":41},"2":{"name":"bulkCreate","decl":{"start":{"line":69,"column":15},"end":{"line":69,"column":25}},"loc":{"start":{"line":69,"column":42},"end":{"line":113,"column":1}},"line":69},"3":{"name":"index","decl":{"start":{"line":116,"column":15},"end":{"line":116,"column":20}},"loc":{"start":{"line":116,"column":31},"end":{"line":217,"column":1}},"line":116},"4":{"name":"show","decl":{"start":{"line":220,"column":15},"end":{"line":220,"column":19}},"loc":{"start":{"line":220,"column":36},"end":{"line":272,"column":1}},"line":220},"5":{"name":"update","decl":{"start":{"line":275,"column":15},"end":{"line":275,"column":21}},"loc":{"start":{"line":275,"column":38},"end":{"line":326,"column":1}},"line":275},"6":{"name":"deleteTask","decl":{"start":{"line":328,"column":15},"end":{"line":328,"column":25}},"loc":{"start":{"line":328,"column":42},"end":{"line":363,"column":1}},"line":328}},"branchMap":{"0":{"loc":{"start":{"line":16,"column":24},"end":{"line":16,"column":53}},"type":"binary-expr","locations":[{"start":{"line":16,"column":24},"end":{"line":16,"column":43}},{"start":{"line":16,"column":47},"end":{"line":16,"column":53}}],"line":16},"1":{"loc":{"start":{"line":31,"column":2},"end":{"line":33,"column":3}},"type":"if","locations":[{"start":{"line":31,"column":2},"end":{"line":33,"column":3}},{"start":{},"end":{}}],"line":31},"2":{"loc":{"start":{"line":43,"column":2},"end":{"line":45,"column":3}},"type":"if","locations":[{"start":{"line":43,"column":2},"end":{"line":45,"column":3}},{"start":{},"end":{}}],"line":43},"3":{"loc":{"start":{"line":53,"column":2},"end":{"line":55,"column":3}},"type":"if","locations":[{"start":{"line":53,"column":2},"end":{"line":55,"column":3}},{"start":{},"end":{}}],"line":53},"4":{"loc":{"start":{"line":73,"column":2},"end":{"line":77,"column":3}},"type":"if","locations":[{"start":{"line":73,"column":2},"end":{"line":77,"column":3}},{"start":{},"end":{}}],"line":73},"5":{"loc":{"start":{"line":73,"column":6},"end":{"line":73,"column":59}},"type":"binary-expr","locations":[{"start":{"line":73,"column":6},"end":{"line":73,"column":12}},{"start":{"line":73,"column":16},"end":{"line":73,"column":37}},{"start":{"line":73,"column":41},"end":{"line":73,"column":59}}],"line":73},"6":{"loc":{"start":{"line":87,"column":4},"end":{"line":91,"column":5}},"type":"if","locations":[{"start":{"line":87,"column":4},"end":{"line":91,"column":5}},{"start":{},"end":{}}],"line":87},"7":{"loc":{"start":{"line":123,"column":2},"end":{"line":128,"column":3}},"type":"if","locations":[{"start":{"line":123,"column":2},"end":{"line":128,"column":3}},{"start":{},"end":{}}],"line":123},"8":{"loc":{"start":{"line":131,"column":2},"end":{"line":133,"column":3}},"type":"if","locations":[{"start":{"line":131,"column":2},"end":{"line":133,"column":3}},{"start":{},"end":{}}],"line":131},"9":{"loc":{"start":{"line":136,"column":2},"end":{"line":138,"column":3}},"type":"if","locations":[{"start":{"line":136,"column":2},"end":{"line":138,"column":3}},{"start":{},"end":{}}],"line":136},"10":{"loc":{"start":{"line":142,"column":2},"end":{"line":151,"column":3}},"type":"if","locations":[{"start":{"line":142,"column":2},"end":{"line":151,"column":3}},{"start":{},"end":{}}],"line":142},"11":{"loc":{"start":{"line":142,"column":6},"end":{"line":142,"column":26}},"type":"binary-expr","locations":[{"start":{"line":142,"column":6},"end":{"line":142,"column":14}},{"start":{"line":142,"column":18},"end":{"line":142,"column":26}}],"line":142},"12":{"loc":{"start":{"line":145,"column":4},"end":{"line":147,"column":5}},"type":"if","locations":[{"start":{"line":145,"column":4},"end":{"line":147,"column":5}},{"start":{},"end":{}}],"line":145},"13":{"loc":{"start":{"line":148,"column":4},"end":{"line":150,"column":5}},"type":"if","locations":[{"start":{"line":148,"column":4},"end":{"line":150,"column":5}},{"start":{},"end":{}}],"line":148},"14":{"loc":{"start":{"line":154,"column":15},"end":{"line":154,"column":44}},"type":"binary-expr","locations":[{"start":{"line":154,"column":15},"end":{"line":154,"column":39}},{"start":{"line":154,"column":43},"end":{"line":154,"column":44}}],"line":154},"15":{"loc":{"start":{"line":155,"column":16},"end":{"line":155,"column":47}},"type":"binary-expr","locations":[{"start":{"line":155,"column":16},"end":{"line":155,"column":41}},{"start":{"line":155,"column":45},"end":{"line":155,"column":47}}],"line":155},"16":{"loc":{"start":{"line":158,"column":2},"end":{"line":162,"column":3}},"type":"if","locations":[{"start":{"line":158,"column":2},"end":{"line":162,"column":3}},{"start":{},"end":{}}],"line":158},"17":{"loc":{"start":{"line":158,"column":6},"end":{"line":158,"column":51}},"type":"binary-expr","locations":[{"start":{"line":158,"column":6},"end":{"line":158,"column":18}},{"start":{"line":158,"column":22},"end":{"line":158,"column":51}}],"line":158},"18":{"loc":{"start":{"line":158,"column":24},"end":{"line":158,"column":50}},"type":"binary-expr","locations":[{"start":{"line":158,"column":24},"end":{"line":158,"column":34}},{"start":{"line":158,"column":38},"end":{"line":158,"column":50}}],"line":158},"19":{"loc":{"start":{"line":189,"column":2},"end":{"line":193,"column":3}},"type":"if","locations":[{"start":{"line":189,"column":2},"end":{"line":193,"column":3}},{"start":{},"end":{}}],"line":189},"20":{"loc":{"start":{"line":225,"column":2},"end":{"line":229,"column":3}},"type":"if","locations":[{"start":{"line":225,"column":2},"end":{"line":229,"column":3}},{"start":{},"end":{}}],"line":225},"21":{"loc":{"start":{"line":255,"column":4},"end":{"line":257,"column":5}},"type":"if","locations":[{"start":{"line":255,"column":4},"end":{"line":257,"column":5}},{"start":{},"end":{}}],"line":255},"22":{"loc":{"start":{"line":260,"column":4},"end":{"line":264,"column":5}},"type":"if","locations":[{"start":{"line":260,"column":4},"end":{"line":264,"column":5}},{"start":{},"end":{}}],"line":260},"23":{"loc":{"start":{"line":260,"column":8},"end":{"line":260,"column":51}},"type":"binary-expr","locations":[{"start":{"line":260,"column":8},"end":{"line":260,"column":28}},{"start":{"line":260,"column":32},"end":{"line":260,"column":51}}],"line":260},"24":{"loc":{"start":{"line":277,"column":2},"end":{"line":279,"column":3}},"type":"if","locations":[{"start":{"line":277,"column":2},"end":{"line":279,"column":3}},{"start":{},"end":{}}],"line":277},"25":{"loc":{"start":{"line":287,"column":2},"end":{"line":289,"column":3}},"type":"if","locations":[{"start":{"line":287,"column":2},"end":{"line":289,"column":3}},{"start":{},"end":{}}],"line":287},"26":{"loc":{"start":{"line":295,"column":2},"end":{"line":299,"column":3}},"type":"if","locations":[{"start":{"line":295,"column":2},"end":{"line":299,"column":3}},{"start":{},"end":{}}],"line":295},"27":{"loc":{"start":{"line":317,"column":4},"end":{"line":324,"column":5}},"type":"if","locations":[{"start":{"line":317,"column":4},"end":{"line":324,"column":5}},{"start":{"line":322,"column":11},"end":{"line":324,"column":5}}],"line":317},"28":{"loc":{"start":{"line":333,"column":2},"end":{"line":337,"column":3}},"type":"if","locations":[{"start":{"line":333,"column":2},"end":{"line":337,"column":3}},{"start":{},"end":{}}],"line":333},"29":{"loc":{"start":{"line":355,"column":4},"end":{"line":359,"column":5}},"type":"if","locations":[{"start":{"line":355,"column":4},"end":{"line":359,"column":5}},{"start":{},"end":{}}],"line":355}},"s":{"0":2,"1":2,"2":2,"3":4,"4":4,"5":4,"6":4,"7":0,"8":4,"9":3,"10":0,"11":3,"12":3,"13":0,"14":3,"15":1,"16":0,"17":0,"18":0,"19":0,"20":0,"21":0,"22":0,"23":0,"24":0,"25":0,"26":0,"27":0,"28":0,"29":5,"30":4,"31":4,"32":0,"33":4,"34":4,"35":4,"36":0,"37":4,"38":0,"39":0,"40":0,"41":0,"42":0,"43":4,"44":4,"45":4,"46":0,"47":4,"48":4,"49":4,"50":2,"51":2,"52":2,"53":2,"54":2,"55":2,"56":2,"57":0,"58":2,"59":2,"60":2,"61":2,"62":1,"63":1,"64":1,"65":0,"66":1,"67":2,"68":0,"69":2,"70":2,"71":0,"72":2,"73":2,"74":0,"75":2,"76":2,"77":2,"78":1,"79":1,"80":1,"81":0,"82":2,"83":2,"84":0,"85":2,"86":2,"87":2,"88":1,"89":1,"90":1,"91":0,"92":2},"f":{"0":4,"1":3,"2":0,"3":5,"4":2,"5":2,"6":2},"b":{"0":[4,4],"1":[0,4],"2":[0,3],"3":[0,3],"4":[0,0],"5":[0,0,0],"6":[0,0],"7":[0,4],"8":[4,0],"9":[0,4],"10":[0,4],"11":[4,4],"12":[0,0],"13":[0,0],"14":[4,4],"15":[4,4],"16":[0,4],"17":[4,4],"18":[4,4],"19":[2,2],"20":[0,2],"21":[1,1],"22":[1,0],"23":[1,1],"24":[0,2],"25":[0,2],"26":[0,2],"27":[1,0],"28":[0,2],"29":[1,0]},"_coverageSchema":"1a1c01bbd47fc00a2c39e90264f33305004495a9","hash":"a55c1b74394a49ad208b58ac9a374e6ff6c4f741"}
,"C:\\Users\\rikis\\OneDrive\\Desktop\\Code-the-Dream\\Node-26.2\\node-homework\\controllers\\userController.js": {"path":"C:\\Users\\rikis\\OneDrive\\Desktop\\Code-the-Dream\\Node-26.2\\node-homework\\controllers\\userController.js","statementMap":{"0":{"start":{"line":3,"column":24},"end":{"line":3,"column":52}},"1":{"start":{"line":6,"column":15},"end":{"line":6,"column":40}},"2":{"start":{"line":9,"column":15},"end":{"line":9,"column":32}},"3":{"start":{"line":10,"column":13},"end":{"line":10,"column":28}},"4":{"start":{"line":11,"column":15},"end":{"line":11,"column":44}},"5":{"start":{"line":14,"column":12},"end":{"line":14,"column":35}},"6":{"start":{"line":17,"column":23},"end":{"line":17,"column":58}},"7":{"start":{"line":21,"column":15},"end":{"line":21,"column":53}},"8":{"start":{"line":22,"column":21},"end":{"line":22,"column":53}},"9":{"start":{"line":23,"column":2},"end":{"line":23,"column":49}},"10":{"start":{"line":27,"column":22},"end":{"line":27,"column":43}},"11":{"start":{"line":28,"column":20},"end":{"line":28,"column":43}},"12":{"start":{"line":29,"column":21},"end":{"line":29,"column":58}},"13":{"start":{"line":30,"column":2},"end":{"line":30,"column":55}},"14":{"start":{"line":36,"column":2},"end":{"line":40,"column":4}},"15":{"start":{"line":45,"column":18},"end":{"line":48,"column":3}},"16":{"start":{"line":51,"column":16},"end":{"line":51,"column":78}},"17":{"start":{"line":56,"column":2},"end":{"line":56,"column":69}},"18":{"start":{"line":59,"column":2},"end":{"line":59,"column":27}},"19":{"start":{"line":65,"column":2},"end":{"line":67,"column":3}},"20":{"start":{"line":66,"column":4},"end":{"line":66,"column":18}},"21":{"start":{"line":70,"column":27},"end":{"line":72,"column":4}},"22":{"start":{"line":75,"column":2},"end":{"line":79,"column":3}},"23":{"start":{"line":76,"column":4},"end":{"line":78,"column":70}},"24":{"start":{"line":81,"column":13},"end":{"line":81,"column":17}},"25":{"start":{"line":83,"column":2},"end":{"line":83,"column":60}},"26":{"start":{"line":87,"column":2},"end":{"line":159,"column":3}},"27":{"start":{"line":88,"column":38},"end":{"line":139,"column":6}},"28":{"start":{"line":90,"column":6},"end":{"line":97,"column":9}},"29":{"start":{"line":101,"column":31},"end":{"line":117,"column":7}},"30":{"start":{"line":120,"column":6},"end":{"line":120,"column":59}},"31":{"start":{"line":123,"column":27},"end":{"line":135,"column":8}},"32":{"start":{"line":126,"column":54},"end":{"line":126,"column":64}},"33":{"start":{"line":138,"column":6},"end":{"line":138,"column":36}},"34":{"start":{"line":142,"column":22},"end":{"line":142,"column":50}},"35":{"start":{"line":144,"column":4},"end":{"line":149,"column":7}},"36":{"start":{"line":153,"column":4},"end":{"line":155,"column":5}},"37":{"start":{"line":154,"column":6},"end":{"line":154,"column":76}},"38":{"start":{"line":158,"column":4},"end":{"line":158,"column":21}},"39":{"start":{"line":164,"column":28},"end":{"line":164,"column":36}},"40":{"start":{"line":168,"column":2},"end":{"line":168,"column":30}},"41":{"start":{"line":169,"column":15},"end":{"line":177,"column":4}},"42":{"start":{"line":180,"column":2},"end":{"line":215,"column":3}},"43":{"start":{"line":182,"column":21},"end":{"line":189,"column":6}},"44":{"start":{"line":191,"column":33},"end":{"line":194,"column":5}},"45":{"start":{"line":196,"column":4},"end":{"line":209,"column":5}},"46":{"start":{"line":198,"column":24},"end":{"line":198,"column":52}},"47":{"start":{"line":200,"column":6},"end":{"line":203,"column":9}},"48":{"start":{"line":206,"column":6},"end":{"line":208,"column":53}},"49":{"start":{"line":212,"column":4},"end":{"line":214,"column":59}},"50":{"start":{"line":216,"column":2},"end":{"line":216,"column":9}},"51":{"start":{"line":221,"column":2},"end":{"line":221,"column":43}},"52":{"start":{"line":222,"column":2},"end":{"line":222,"column":40}},"53":{"start":{"line":223,"column":2},"end":{"line":223,"column":9}},"54":{"start":{"line":229,"column":17},"end":{"line":229,"column":41}},"55":{"start":{"line":232,"column":2},"end":{"line":236,"column":3}},"56":{"start":{"line":233,"column":4},"end":{"line":235,"column":53}},"57":{"start":{"line":239,"column":15},"end":{"line":258,"column":4}},"58":{"start":{"line":261,"column":2},"end":{"line":263,"column":3}},"59":{"start":{"line":262,"column":4},"end":{"line":262,"column":76}},"60":{"start":{"line":266,"column":2},"end":{"line":266,"column":47}},"61":{"start":{"line":269,"column":0},"end":{"line":269,"column":51}}},"fnMap":{"0":{"name":"hashPassword","decl":{"start":{"line":20,"column":15},"end":{"line":20,"column":27}},"loc":{"start":{"line":20,"column":38},"end":{"line":24,"column":1}},"line":20},"1":{"name":"comparePassword","decl":{"start":{"line":26,"column":15},"end":{"line":26,"column":30}},"loc":{"start":{"line":26,"column":58},"end":{"line":31,"column":1}},"line":26},"2":{"name":"cookieFlags","decl":{"start":{"line":35,"column":9},"end":{"line":35,"column":20}},"loc":{"start":{"line":35,"column":26},"end":{"line":41,"column":1}},"line":35},"3":{"name":"setJwtCookie","decl":{"start":{"line":44,"column":9},"end":{"line":44,"column":21}},"loc":{"start":{"line":44,"column":38},"end":{"line":60,"column":1}},"line":44},"4":{"name":"register","decl":{"start":{"line":63,"column":15},"end":{"line":63,"column":23}},"loc":{"start":{"line":63,"column":40},"end":{"line":160,"column":1}},"line":63},"5":{"name":"(anonymous_5)","decl":{"start":{"line":88,"column":64},"end":{"line":88,"column":65}},"loc":{"start":{"line":88,"column":78},"end":{"line":139,"column":5}},"line":88},"6":{"name":"(anonymous_6)","decl":{"start":{"line":126,"column":44},"end":{"line":126,"column":45}},"loc":{"start":{"line":126,"column":54},"end":{"line":126,"column":64}},"line":126},"7":{"name":"logon","decl":{"start":{"line":162,"column":15},"end":{"line":162,"column":20}},"loc":{"start":{"line":162,"column":31},"end":{"line":217,"column":1}},"line":162},"8":{"name":"logoff","decl":{"start":{"line":219,"column":9},"end":{"line":219,"column":15}},"loc":{"start":{"line":219,"column":26},"end":{"line":224,"column":1}},"line":219},"9":{"name":"show","decl":{"start":{"line":227,"column":15},"end":{"line":227,"column":19}},"loc":{"start":{"line":227,"column":30},"end":{"line":267,"column":1}},"line":227}},"branchMap":{"0":{"loc":{"start":{"line":65,"column":2},"end":{"line":67,"column":3}},"type":"if","locations":[{"start":{"line":65,"column":2},"end":{"line":67,"column":3}},{"start":{},"end":{}}],"line":65},"1":{"loc":{"start":{"line":75,"column":2},"end":{"line":79,"column":3}},"type":"if","locations":[{"start":{"line":75,"column":2},"end":{"line":79,"column":3}},{"start":{},"end":{}}],"line":75},"2":{"loc":{"start":{"line":153,"column":4},"end":{"line":155,"column":5}},"type":"if","locations":[{"start":{"line":153,"column":4},"end":{"line":155,"column":5}},{"start":{},"end":{}}],"line":153},"3":{"loc":{"start":{"line":153,"column":8},"end":{"line":153,"column":76}},"type":"binary-expr","locations":[{"start":{"line":153,"column":8},"end":{"line":153,"column":52}},{"start":{"line":153,"column":56},"end":{"line":153,"column":76}}],"line":153},"4":{"loc":{"start":{"line":180,"column":2},"end":{"line":215,"column":3}},"type":"if","locations":[{"start":{"line":180,"column":2},"end":{"line":215,"column":3}},{"start":{"line":210,"column":9},"end":{"line":215,"column":3}}],"line":180},"5":{"loc":{"start":{"line":196,"column":4},"end":{"line":209,"column":5}},"type":"if","locations":[{"start":{"line":196,"column":4},"end":{"line":209,"column":5}},{"start":{"line":204,"column":11},"end":{"line":209,"column":5}}],"line":196},"6":{"loc":{"start":{"line":232,"column":2},"end":{"line":236,"column":3}},"type":"if","locations":[{"start":{"line":232,"column":2},"end":{"line":236,"column":3}},{"start":{},"end":{}}],"line":232},"7":{"loc":{"start":{"line":261,"column":2},"end":{"line":263,"column":3}},"type":"if","locations":[{"start":{"line":261,"column":2},"end":{"line":263,"column":3}},{"start":{},"end":{}}],"line":261}},"s":{"0":2,"1":2,"2":2,"3":2,"4":2,"5":2,"6":2,"7":3,"8":3,"9":3,"10":3,"11":3,"12":3,"13":3,"14":6,"15":4,"16":4,"17":4,"18":4,"19":3,"20":0,"21":3,"22":3,"23":0,"24":3,"25":3,"26":3,"27":3,"28":3,"29":2,"30":2,"31":2,"32":6,"33":2,"34":2,"35":2,"36":1,"37":1,"38":0,"39":3,"40":3,"41":3,"42":3,"43":3,"44":3,"45":3,"46":2,"47":2,"48":1,"49":0,"50":0,"51":2,"52":2,"53":0,"54":0,"55":0,"56":0,"57":0,"58":0,"59":0,"60":0,"61":2},"f":{"0":3,"1":3,"2":6,"3":4,"4":3,"5":3,"6":6,"7":3,"8":2,"9":0},"b":{"0":[0,3],"1":[0,3],"2":[1,0],"3":[1,1],"4":[3,0],"5":[2,1],"6":[0,0],"7":[0,0]},"_coverageSchema":"1a1c01bbd47fc00a2c39e90264f33305004495a9","hash":"2cf2db14a0cf7e88e3920abec3dbbe2e4de0b456"}
,"C:\\Users\\rikis\\OneDrive\\Desktop\\Code-the-Dream\\Node-26.2\\node-homework\\db\\prisma.js": {"path":"C:\\Users\\rikis\\OneDrive\\Desktop\\Code-the-Dream\\Node-26.2\\node-homework\\db\\prisma.js","statementMap":{"0":{"start":{"line":1,"column":25},"end":{"line":1,"column":50}},"1":{"start":{"line":4,"column":0},"end":{"line":8,"column":1}},"2":{"start":{"line":5,"column":2},"end":{"line":5,"column":28}},"3":{"start":{"line":7,"column":2},"end":{"line":7,"column":12}},"4":{"start":{"line":10,"column":15},"end":{"line":10,"column":37}},"5":{"start":{"line":12,"column":0},"end":{"line":12,"column":24}}},"fnMap":{},"branchMap":{"0":{"loc":{"start":{"line":4,"column":0},"end":{"line":8,"column":1}},"type":"if","locations":[{"start":{"line":4,"column":0},"end":{"line":8,"column":1}},{"start":{"line":6,"column":7},"end":{"line":8,"column":1}}],"line":4},"1":{"loc":{"start":{"line":4,"column":4},"end":{"line":4,"column":67}},"type":"binary-expr","locations":[{"start":{"line":4,"column":4},"end":{"line":4,"column":25}},{"start":{"line":4,"column":29},"end":{"line":4,"column":67}}],"line":4}},"s":{"0":3,"1":3,"2":0,"3":3,"4":3,"5":3},"f":{},"b":{"0":[0,3],"1":[3,3]},"_coverageSchema":"1a1c01bbd47fc00a2c39e90264f33305004495a9","hash":"e7200aabda033ccec9f5f4970a3d97238a86e8ef"}
,"C:\\Users\\rikis\\OneDrive\\Desktop\\Code-the-Dream\\Node-26.2\\node-homework\\middleware\\error-handler.js": {"path":"C:\\Users\\rikis\\OneDrive\\Desktop\\Code-the-Dream\\Node-26.2\\node-homework\\middleware\\error-handler.js","statementMap":{"0":{"start":{"line":1,"column":24},"end":{"line":1,"column":52}},"1":{"start":{"line":3,"column":31},"end":{"line":29,"column":1}},"2":{"start":{"line":5,"column":2},"end":{"line":7,"column":3}},"3":{"start":{"line":6,"column":4},"end":{"line":6,"column":70}},"4":{"start":{"line":9,"column":2},"end":{"line":14,"column":3}},"5":{"start":{"line":11,"column":4},"end":{"line":13,"column":6}},"6":{"start":{"line":16,"column":2},"end":{"line":20,"column":4}},"7":{"start":{"line":24,"column":2},"end":{"line":28,"column":3}},"8":{"start":{"line":25,"column":4},"end":{"line":27,"column":50}},"9":{"start":{"line":31,"column":0},"end":{"line":31,"column":40}}},"fnMap":{"0":{"name":"(anonymous_0)","decl":{"start":{"line":3,"column":31},"end":{"line":3,"column":32}},"loc":{"start":{"line":3,"column":56},"end":{"line":29,"column":1}},"line":3}},"branchMap":{"0":{"loc":{"start":{"line":5,"column":2},"end":{"line":7,"column":3}},"type":"if","locations":[{"start":{"line":5,"column":2},"end":{"line":7,"column":3}},{"start":{},"end":{}}],"line":5},"1":{"loc":{"start":{"line":9,"column":2},"end":{"line":14,"column":3}},"type":"if","locations":[{"start":{"line":9,"column":2},"end":{"line":14,"column":3}},{"start":{},"end":{}}],"line":9},"2":{"loc":{"start":{"line":9,"column":6},"end":{"line":9,"column":54}},"type":"binary-expr","locations":[{"start":{"line":9,"column":6},"end":{"line":9,"column":33}},{"start":{"line":9,"column":37},"end":{"line":9,"column":54}}],"line":9},"3":{"loc":{"start":{"line":24,"column":2},"end":{"line":28,"column":3}},"type":"if","locations":[{"start":{"line":24,"column":2},"end":{"line":28,"column":3}},{"start":{},"end":{}}],"line":24}},"s":{"0":1,"1":1,"2":0,"3":0,"4":0,"5":0,"6":0,"7":0,"8":0,"9":1},"f":{"0":0},"b":{"0":[0,0],"1":[0,0],"2":[0,0],"3":[0,0]},"_coverageSchema":"1a1c01bbd47fc00a2c39e90264f33305004495a9","hash":"885422777c12211a1dfaacb305dd4006fa40d720"}
,"C:\\Users\\rikis\\OneDrive\\Desktop\\Code-the-Dream\\Node-26.2\\node-homework\\middleware\\jwtMiddleware.js": {"path":"C:\\Users\\rikis\\OneDrive\\Desktop\\Code-the-Dream\\Node-26.2\\node-homework\\middleware\\jwtMiddleware.js","statementMap":{"0":{"start":{"line":2,"column":12},"end":{"line":2,"column":35}},"1":{"start":{"line":3,"column":24},"end":{"line":3,"column":52}},"2":{"start":{"line":7,"column":2},"end":{"line":9,"column":53}},"3":{"start":{"line":13,"column":0},"end":{"line":43,"column":2}},"4":{"start":{"line":15,"column":16},"end":{"line":15,"column":33}},"5":{"start":{"line":18,"column":2},"end":{"line":20,"column":3}},"6":{"start":{"line":19,"column":4},"end":{"line":19,"column":24}},"7":{"start":{"line":22,"column":2},"end":{"line":40,"column":5}},"8":{"start":{"line":23,"column":4},"end":{"line":25,"column":5}},"9":{"start":{"line":24,"column":6},"end":{"line":24,"column":26}},"10":{"start":{"line":28,"column":4},"end":{"line":28,"column":34}},"11":{"start":{"line":31,"column":23},"end":{"line":31,"column":68}},"12":{"start":{"line":32,"column":4},"end":{"line":36,"column":5}},"13":{"start":{"line":33,"column":6},"end":{"line":35,"column":7}},"14":{"start":{"line":34,"column":8},"end":{"line":34,"column":28}},"15":{"start":{"line":39,"column":4},"end":{"line":39,"column":11}},"16":{"start":{"line":42,"column":2},"end":{"line":42,"column":9}}},"fnMap":{"0":{"name":"send401","decl":{"start":{"line":6,"column":9},"end":{"line":6,"column":16}},"loc":{"start":{"line":6,"column":22},"end":{"line":10,"column":1}},"line":6},"1":{"name":"(anonymous_1)","decl":{"start":{"line":13,"column":17},"end":{"line":13,"column":18}},"loc":{"start":{"line":13,"column":43},"end":{"line":43,"column":1}},"line":13},"2":{"name":"(anonymous_2)","decl":{"start":{"line":22,"column":44},"end":{"line":22,"column":45}},"loc":{"start":{"line":22,"column":62},"end":{"line":40,"column":3}},"line":22}},"branchMap":{"0":{"loc":{"start":{"line":18,"column":2},"end":{"line":20,"column":3}},"type":"if","locations":[{"start":{"line":18,"column":2},"end":{"line":20,"column":3}},{"start":{},"end":{}}],"line":18},"1":{"loc":{"start":{"line":23,"column":4},"end":{"line":25,"column":5}},"type":"if","locations":[{"start":{"line":23,"column":4},"end":{"line":25,"column":5}},{"start":{},"end":{}}],"line":23},"2":{"loc":{"start":{"line":32,"column":4},"end":{"line":36,"column":5}},"type":"if","locations":[{"start":{"line":32,"column":4},"end":{"line":36,"column":5}},{"start":{},"end":{}}],"line":32},"3":{"loc":{"start":{"line":33,"column":6},"end":{"line":35,"column":7}},"type":"if","locations":[{"start":{"line":33,"column":6},"end":{"line":35,"column":7}},{"start":{},"end":{}}],"line":33}},"s":{"0":2,"1":2,"2":4,"3":2,"4":5,"5":5,"6":2,"7":3,"8":3,"9":1,"10":2,"11":2,"12":2,"13":1,"14":1,"15":1,"16":3},"f":{"0":4,"1":5,"2":3},"b":{"0":[2,3],"1":[1,2],"2":[1,1],"3":[1,0]},"_coverageSchema":"1a1c01bbd47fc00a2c39e90264f33305004495a9","hash":"a290a1324a4505615f2ffaac535b1eac86aa844e"}
,"C:\\Users\\rikis\\OneDrive\\Desktop\\Code-the-Dream\\Node-26.2\\node-homework\\middleware\\not-found.js": {"path":"C:\\Users\\rikis\\OneDrive\\Desktop\\Code-the-Dream\\Node-26.2\\node-homework\\middleware\\not-found.js","statementMap":{"0":{"start":{"line":1,"column":24},"end":{"line":1,"column":52}},"1":{"start":{"line":3,"column":34},"end":{"line":7,"column":1}},"2":{"start":{"line":4,"column":2},"end":{"line":6,"column":57}},"3":{"start":{"line":9,"column":0},"end":{"line":9,"column":43}}},"fnMap":{"0":{"name":"(anonymous_0)","decl":{"start":{"line":3,"column":34},"end":{"line":3,"column":35}},"loc":{"start":{"line":3,"column":48},"end":{"line":7,"column":1}},"line":3}},"branchMap":{},"s":{"0":1,"1":1,"2":0,"3":1},"f":{"0":0},"b":{},"_coverageSchema":"1a1c01bbd47fc00a2c39e90264f33305004495a9","hash":"e8316295e0e48421df4bbe2adcf784835b6ffad2"}
,"C:\\Users\\rikis\\OneDrive\\Desktop\\Code-the-Dream\\Node-26.2\\node-homework\\routes\\analyticsRoutes.js": {"path":"C:\\Users\\rikis\\OneDrive\\Desktop\\Code-the-Dream\\Node-26.2\\node-homework\\routes\\analyticsRoutes.js","statementMap":{"0":{"start":{"line":1,"column":16},"end":{"line":1,"column":34}},"1":{"start":{"line":6,"column":4},"end":{"line":6,"column":49}},"2":{"start":{"line":9,"column":22},"end":{"line":9,"column":62}},"3":{"start":{"line":12,"column":15},"end":{"line":12,"column":31}},"4":{"start":{"line":15,"column":0},"end":{"line":15,"column":26}},"5":{"start":{"line":18,"column":0},"end":{"line":18,"column":49}},"6":{"start":{"line":19,"column":0},"end":{"line":19,"column":46}},"7":{"start":{"line":22,"column":0},"end":{"line":22,"column":47}},"8":{"start":{"line":25,"column":0},"end":{"line":25,"column":24}}},"fnMap":{},"branchMap":{},"s":{"0":1,"1":1,"2":1,"3":1,"4":1,"5":1,"6":1,"7":1,"8":1},"f":{},"b":{},"_coverageSchema":"1a1c01bbd47fc00a2c39e90264f33305004495a9","hash":"533898a67625cb538f23cf88a33eb23d69d73c4c"}
,"C:\\Users\\rikis\\OneDrive\\Desktop\\Code-the-Dream\\Node-26.2\\node-homework\\routes\\taskRoutes.js": {"path":"C:\\Users\\rikis\\OneDrive\\Desktop\\Code-the-Dream\\Node-26.2\\node-homework\\routes\\taskRoutes.js","statementMap":{"0":{"start":{"line":2,"column":16},"end":{"line":2,"column":34}},"1":{"start":{"line":12,"column":4},"end":{"line":12,"column":44}},"2":{"start":{"line":15,"column":22},"end":{"line":15,"column":60}},"3":{"start":{"line":18,"column":15},"end":{"line":18,"column":31}},"4":{"start":{"line":21,"column":0},"end":{"line":21,"column":26}},"5":{"start":{"line":24,"column":0},"end":{"line":24,"column":30}},"6":{"start":{"line":25,"column":0},"end":{"line":25,"column":39}},"7":{"start":{"line":26,"column":0},"end":{"line":26,"column":28}},"8":{"start":{"line":27,"column":0},"end":{"line":27,"column":31}},"9":{"start":{"line":28,"column":0},"end":{"line":28,"column":35}},"10":{"start":{"line":29,"column":0},"end":{"line":29,"column":40}},"11":{"start":{"line":32,"column":0},"end":{"line":32,"column":24}}},"fnMap":{},"branchMap":{},"s":{"0":1,"1":1,"2":1,"3":1,"4":1,"5":1,"6":1,"7":1,"8":1,"9":1,"10":1,"11":1},"f":{},"b":{},"_coverageSchema":"1a1c01bbd47fc00a2c39e90264f33305004495a9","hash":"38f4e4c4fddeeb6652a22dbf58f5df742fa5f78f"}
,"C:\\Users\\rikis\\OneDrive\\Desktop\\Code-the-Dream\\Node-26.2\\node-homework\\routes\\userRoutes.js": {"path":"C:\\Users\\rikis\\OneDrive\\Desktop\\Code-the-Dream\\Node-26.2\\node-homework\\routes\\userRoutes.js","statementMap":{"0":{"start":{"line":1,"column":16},"end":{"line":1,"column":34}},"1":{"start":{"line":4,"column":36},"end":{"line":4,"column":76}},"2":{"start":{"line":7,"column":15},"end":{"line":7,"column":31}},"3":{"start":{"line":10,"column":0},"end":{"line":10,"column":41}},"4":{"start":{"line":13,"column":0},"end":{"line":13,"column":35}},"5":{"start":{"line":14,"column":0},"end":{"line":14,"column":37}},"6":{"start":{"line":16,"column":0},"end":{"line":16,"column":24}}},"fnMap":{},"branchMap":{},"s":{"0":1,"1":1,"2":1,"3":1,"4":1,"5":1,"6":1},"f":{},"b":{},"_coverageSchema":"1a1c01bbd47fc00a2c39e90264f33305004495a9","hash":"17698b5662db6d287b9cb129590554e311c8fa3f"}
,"C:\\Users\\rikis\\OneDrive\\Desktop\\Code-the-Dream\\Node-26.2\\node-homework\\test\\waitForRouteHandlerCompletion.js": {"path":"C:\\Users\\rikis\\OneDrive\\Desktop\\Code-the-Dream\\Node-26.2\\node-homework\\test\\waitForRouteHandlerCompletion.js","statementMap":{"0":{"start":{"line":3,"column":38},"end":{"line":34,"column":1}},"1":{"start":{"line":7,"column":18},"end":{"line":27,"column":4}},"2":{"start":{"line":9,"column":4},"end":{"line":20,"column":7}},"3":{"start":{"line":16,"column":6},"end":{"line":19,"column":7}},"4":{"start":{"line":17,"column":8},"end":{"line":17,"column":29}},"5":{"start":{"line":18,"column":8},"end":{"line":18,"column":18}},"6":{"start":{"line":24,"column":4},"end":{"line":26,"column":7}},"7":{"start":{"line":25,"column":6},"end":{"line":25,"column":16}},"8":{"start":{"line":31,"column":2},"end":{"line":31,"column":29}},"9":{"start":{"line":32,"column":2},"end":{"line":32,"column":16}},"10":{"start":{"line":33,"column":2},"end":{"line":33,"column":14}},"11":{"start":{"line":37,"column":0},"end":{"line":37,"column":47}}},"fnMap":{"0":{"name":"(anonymous_0)","decl":{"start":{"line":3,"column":38},"end":{"line":3,"column":39}},"loc":{"start":{"line":3,"column":64},"end":{"line":34,"column":1}},"line":3},"1":{"name":"(anonymous_1)","decl":{"start":{"line":7,"column":30},"end":{"line":7,"column":31}},"loc":{"start":{"line":7,"column":51},"end":{"line":27,"column":3}},"line":7},"2":{"name":"(anonymous_2)","decl":{"start":{"line":9,"column":19},"end":{"line":9,"column":20}},"loc":{"start":{"line":9,"column":30},"end":{"line":20,"column":5}},"line":9},"3":{"name":"(anonymous_3)","decl":{"start":{"line":24,"column":21},"end":{"line":24,"column":22}},"loc":{"start":{"line":24,"column":27},"end":{"line":26,"column":5}},"line":24}},"branchMap":{"0":{"loc":{"start":{"line":16,"column":6},"end":{"line":19,"column":7}},"type":"if","locations":[{"start":{"line":16,"column":6},"end":{"line":19,"column":7}},{"start":{},"end":{}}],"line":16}},"s":{"0":2,"1":21,"2":21,"3":0,"4":0,"5":0,"6":21,"7":18,"8":21,"9":18,"10":18,"11":2},"f":{"0":21,"1":21,"2":0,"3":18},"b":{"0":[0,0]},"_coverageSchema":"1a1c01bbd47fc00a2c39e90264f33305004495a9","hash":"bbc04b8ddfabc16a011210c3631fbb12c2c9a598"}
,"C:\\Users\\rikis\\OneDrive\\Desktop\\Code-the-Dream\\Node-26.2\\node-homework\\validation\\taskSchema.js": {"path":"C:\\Users\\rikis\\OneDrive\\Desktop\\Code-the-Dream\\Node-26.2\\node-homework\\validation\\taskSchema.js","statementMap":{"0":{"start":{"line":1,"column":12},"end":{"line":1,"column":26}},"1":{"start":{"line":3,"column":19},"end":{"line":7,"column":2}},"2":{"start":{"line":9,"column":24},"end":{"line":15,"column":53}},"3":{"start":{"line":17,"column":0},"end":{"line":17,"column":49}}},"fnMap":{},"branchMap":{},"s":{"0":3,"1":3,"2":3,"3":3},"f":{},"b":{},"_coverageSchema":"1a1c01bbd47fc00a2c39e90264f33305004495a9","hash":"45930b0d64ed6bac0d91b00a170e4626defe2c54"}
,"C:\\Users\\rikis\\OneDrive\\Desktop\\Code-the-Dream\\Node-26.2\\node-homework\\validation\\userSchema.js": {"path":"C:\\Users\\rikis\\OneDrive\\Desktop\\Code-the-Dream\\Node-26.2\\node-homework\\validation\\userSchema.js","statementMap":{"0":{"start":{"line":1,"column":12},"end":{"line":1,"column":26}},"1":{"start":{"line":3,"column":19},"end":{"line":15,"column":2}},"2":{"start":{"line":17,"column":0},"end":{"line":17,"column":32}}},"fnMap":{},"branchMap":{},"s":{"0":3,"1":3,"2":3},"f":{},"b":{},"_coverageSchema":"1a1c01bbd47fc00a2c39e90264f33305004495a9","hash":"e99bd2a0f64714d8cffe1c78abbc7c0eb6054f16"}
}
