TN:
SF:app.js
FN:49,(anonymous_0)
FN:60,(anonymous_1)
FN:64,(anonymous_2)
FN:78,(anonymous_3)
FN:98,(anonymous_4)
FN:102,(anonymous_5)
FN:113,shutdown
FN:118,(anonymous_7)
FN:132,(anonymous_8)
FN:133,(anonymous_9)
FN:134,(anonymous_10)
FN:138,(anonymous_11)
FNF:12
FNH:2
FNDA:5,(anonymous_0)
FNDA:0,(anonymous_1)
FNDA:0,(anonymous_2)
FNDA:0,(anonymous_3)
FNDA:1,(anonymous_4)
FNDA:0,(anonymous_5)
FNDA:0,shutdown
FNDA:0,(anonymous_7)
FNDA:0,(anonymous_8)
FNDA:0,(anonymous_9)
FNDA:0,(anonymous_10)
FNDA:0,(anonymous_11)
DA:2,1
DA:3,1
DA:4,1
DA:7,1
DA:8,1
DA:9,1
DA:12,1
DA:13,1
DA:14,1
DA:17,1
DA:18,1
DA:21,1
DA:25,1
DA:29,1
DA:37,1
DA:40,1
DA:43,1
DA:46,1
DA:49,1
DA:50,5
DA:51,5
DA:52,5
DA:55,5
DA:60,1
DA:61,0
DA:64,1
DA:65,0
DA:69,1
DA:72,1
DA:75,1
DA:78,1
DA:79,0
DA:80,0
DA:81,0
DA:83,0
DA:90,1
DA:93,1
DA:95,1
DA:98,1
DA:99,1
DA:102,1
DA:103,0
DA:104,0
DA:106,0
DA:108,0
DA:112,1
DA:114,0
DA:115,0
DA:116,0
DA:117,0
DA:118,0
DA:119,0
DA:121,0
DA:122,0
DA:124,0
DA:125,0
DA:127,0
DA:128,0
DA:132,1
DA:133,1
DA:134,1
DA:135,0
DA:136,0
DA:138,1
DA:139,0
DA:140,0
DA:143,1
LF:67
LH:41
BRDA:95,0,0,1
BRDA:95,0,1,1
BRDA:103,1,0,0
BRDA:103,1,1,0
BRDA:113,2,0,0
BRDA:114,3,0,0
BRDA:114,3,1,0
BRF:7
BRH:2
end_of_record
TN:
SF:controllers\analyticsController.js
FN:8,getUserAnalytics
FN:84,getUsersWithStats
FN:117,(anonymous_2)
FN:145,searchTasks
FNF:4
FNH:0
FNDA:0,getUserAnalytics
FNDA:0,getUsersWithStats
FNDA:0,(anonymous_2)
FNDA:0,searchTasks
DA:2,1
DA:5,1
DA:10,0
DA:12,0
DA:13,0
DA:19,0
DA:24,0
DA:25,0
DA:31,0
DA:42,0
DA:65,0
DA:67,0
DA:79,0
DA:86,0
DA:87,0
DA:90,0
DA:91,0
DA:96,0
DA:99,0
DA:117,0
DA:118,0
DA:129,0
DA:131,0
DA:132,0
DA:142,0
DA:147,0
DA:150,0
DA:151,0
DA:158,0
DA:162,0
DA:163,0
DA:164,0
DA:167,0
DA:192,0
DA:193,0
DA:200,1
LF:36
LH:3
BRDA:12,0,0,0
BRDA:12,0,1,0
BRDA:24,1,0,0
BRDA:24,1,1,0
BRDA:86,2,0,0
BRDA:86,2,1,0
BRDA:87,3,0,0
BRDA:87,3,1,0
BRDA:90,4,0,0
BRDA:90,4,1,0
BRDA:90,5,0,0
BRDA:90,5,1,0
BRDA:90,6,0,0
BRDA:90,6,1,0
BRDA:150,7,0,0
BRDA:150,7,1,0
BRDA:150,8,0,0
BRDA:150,8,1,0
BRDA:158,9,0,0
BRDA:158,9,1,0
BRF:20
BRH:0
end_of_record
TN:
SF:controllers\taskController.js
FN:12,createOrderBy
FN:41,create
FN:69,bulkCreate
FN:116,index
FN:220,show
FN:275,update
FN:328,deleteTask
FNF:7
FNH:6
FNDA:4,createOrderBy
FNDA:3,create
FNDA:0,bulkCreate
FNDA:5,index
FNDA:2,show
FNDA:2,update
FNDA:2,deleteTask
DA:1,2
DA:4,2
DA:7,2
DA:15,4
DA:16,4
DA:19,4
DA:31,4
DA:32,0
DA:36,4
DA:43,3
DA:44,0
DA:48,3
DA:53,3
DA:54,0
DA:58,3
DA:66,1
DA:71,0
DA:73,0
DA:74,0
DA:80,0
DA:81,0
DA:82,0
DA:87,0
DA:88,0
DA:94,0
DA:98,0
DA:99,0
DA:104,0
DA:111,0
DA:117,5
DA:120,4
DA:123,4
DA:124,0
DA:131,4
DA:132,4
DA:136,4
DA:137,0
DA:142,4
DA:143,0
DA:145,0
DA:146,0
DA:148,0
DA:149,0
DA:154,4
DA:155,4
DA:158,4
DA:159,0
DA:165,4
DA:168,4
DA:189,4
DA:190,2
DA:196,2
DA:201,2
DA:204,2
DA:213,2
DA:222,2
DA:225,2
DA:226,0
DA:232,2
DA:233,2
DA:234,2
DA:255,2
DA:256,1
DA:260,1
DA:261,1
DA:267,0
DA:271,1
DA:277,2
DA:278,0
DA:282,2
DA:287,2
DA:288,0
DA:292,2
DA:295,2
DA:296,0
DA:303,2
DA:304,2
DA:305,2
DA:314,1
DA:317,1
DA:318,1
DA:323,0
DA:330,2
DA:333,2
DA:334,0
DA:341,2
DA:343,2
DA:344,2
DA:352,1
DA:355,1
DA:356,1
DA:361,0
DA:365,2
LF:93
LH:61
BRDA:16,0,0,4
BRDA:16,0,1,4
BRDA:31,1,0,0
BRDA:31,1,1,4
BRDA:43,2,0,0
BRDA:43,2,1,3
BRDA:53,3,0,0
BRDA:53,3,1,3
BRDA:73,4,0,0
BRDA:73,4,1,0
BRDA:73,5,0,0
BRDA:73,5,1,0
BRDA:73,5,2,0
BRDA:87,6,0,0
BRDA:87,6,1,0
BRDA:123,7,0,0
BRDA:123,7,1,4
BRDA:131,8,0,4
BRDA:131,8,1,0
BRDA:136,9,0,0
BRDA:136,9,1,4
BRDA:142,10,0,0
BRDA:142,10,1,4
BRDA:142,11,0,4
BRDA:142,11,1,4
BRDA:145,12,0,0
BRDA:145,12,1,0
BRDA:148,13,0,0
BRDA:148,13,1,0
BRDA:154,14,0,4
BRDA:154,14,1,4
BRDA:155,15,0,4
BRDA:155,15,1,4
BRDA:158,16,0,0
BRDA:158,16,1,4
BRDA:158,17,0,4
BRDA:158,17,1,4
BRDA:158,18,0,4
BRDA:158,18,1,4
BRDA:189,19,0,2
BRDA:189,19,1,2
BRDA:225,20,0,0
BRDA:225,20,1,2
BRDA:255,21,0,1
BRDA:255,21,1,1
BRDA:260,22,0,1
BRDA:260,22,1,0
BRDA:260,23,0,1
BRDA:260,23,1,1
BRDA:277,24,0,0
BRDA:277,24,1,2
BRDA:287,25,0,0
BRDA:287,25,1,2
BRDA:295,26,0,0
BRDA:295,26,1,2
BRDA:317,27,0,1
BRDA:317,27,1,0
BRDA:333,28,0,0
BRDA:333,28,1,2
BRDA:355,29,0,1
BRDA:355,29,1,0
BRF:61
BRH:34
end_of_record
TN:
SF:controllers\userController.js
FN:20,hashPassword
FN:26,comparePassword
FN:35,cookieFlags
FN:44,setJwtCookie
FN:63,register
FN:88,(anonymous_5)
FN:126,(anonymous_6)
FN:162,logon
FN:219,logoff
FN:227,show
FNF:10
FNH:9
FNDA:3,hashPassword
FNDA:3,comparePassword
FNDA:6,cookieFlags
FNDA:4,setJwtCookie
FNDA:3,register
FNDA:3,(anonymous_5)
FNDA:6,(anonymous_6)
FNDA:3,logon
FNDA:2,logoff
FNDA:0,show
DA:3,2
DA:6,2
DA:9,2
DA:10,2
DA:11,2
DA:14,2
DA:17,2
DA:21,3
DA:22,3
DA:23,3
DA:27,3
DA:28,3
DA:29,3
DA:30,3
DA:36,6
DA:45,4
DA:51,4
DA:56,4
DA:59,4
DA:65,3
DA:66,0
DA:70,3
DA:75,3
DA:76,0
DA:81,3
DA:83,3
DA:87,3
DA:88,3
DA:90,3
DA:101,2
DA:120,2
DA:123,2
DA:126,6
DA:138,2
DA:142,2
DA:144,2
DA:153,1
DA:154,1
DA:158,0
DA:164,3
DA:168,3
DA:169,3
DA:180,3
DA:182,3
DA:191,3
DA:196,3
DA:198,2
DA:200,2
DA:206,1
DA:212,0
DA:216,0
DA:221,2
DA:222,2
DA:223,0
DA:229,0
DA:232,0
DA:233,0
DA:239,0
DA:261,0
DA:262,0
DA:266,0
DA:269,2
LF:62
LH:49
BRDA:65,0,0,0
BRDA:65,0,1,3
BRDA:75,1,0,0
BRDA:75,1,1,3
BRDA:153,2,0,1
BRDA:153,2,1,0
BRDA:153,3,0,1
BRDA:153,3,1,1
BRDA:180,4,0,3
BRDA:180,4,1,0
BRDA:196,5,0,2
BRDA:196,5,1,1
BRDA:232,6,0,0
BRDA:232,6,1,0
BRDA:261,7,0,0
BRDA:261,7,1,0
BRF:16
BRH:8
end_of_record
TN:
SF:db\prisma.js
FNF:0
FNH:0
DA:1,3
DA:4,3
DA:5,0
DA:7,3
DA:10,3
DA:12,3
LF:6
LH:5
BRDA:4,0,0,0
BRDA:4,0,1,3
BRDA:4,1,0,3
BRDA:4,1,1,3
BRF:4
BRH:3
end_of_record
TN:
SF:middleware\error-handler.js
FN:3,(anonymous_0)
FNF:1
FNH:0
FNDA:0,(anonymous_0)
DA:1,1
DA:3,1
DA:5,0
DA:6,0
DA:9,0
DA:11,0
DA:16,0
DA:24,0
DA:25,0
DA:31,1
LF:10
LH:3
BRDA:5,0,0,0
BRDA:5,0,1,0
BRDA:9,1,0,0
BRDA:9,1,1,0
BRDA:9,2,0,0
BRDA:9,2,1,0
BRDA:24,3,0,0
BRDA:24,3,1,0
BRF:8
BRH:0
end_of_record
TN:
SF:middleware\jwtMiddleware.js
FN:6,send401
FN:13,(anonymous_1)
FN:22,(anonymous_2)
FNF:3
FNH:3
FNDA:4,send401
FNDA:5,(anonymous_1)
FNDA:3,(anonymous_2)
DA:2,2
DA:3,2
DA:7,4
DA:13,2
DA:15,5
DA:18,5
DA:19,2
DA:22,3
DA:23,3
DA:24,1
DA:28,2
DA:31,2
DA:32,2
DA:33,1
DA:34,1
DA:39,1
DA:42,3
LF:17
LH:17
BRDA:18,0,0,2
BRDA:18,0,1,3
BRDA:23,1,0,1
BRDA:23,1,1,2
BRDA:32,2,0,1
BRDA:32,2,1,1
BRDA:33,3,0,1
BRDA:33,3,1,0
BRF:8
BRH:7
end_of_record
TN:
SF:middleware\not-found.js
FN:3,(anonymous_0)
FNF:1
FNH:0
FNDA:0,(anonymous_0)
DA:1,1
DA:3,1
DA:4,0
DA:9,1
LF:4
LH:3
BRF:0
BRH:0
end_of_record
TN:
SF:routes\analyticsRoutes.js
FNF:0
FNH:0
DA:1,1
DA:6,1
DA:9,1
DA:12,1
DA:15,1
DA:18,1
DA:19,1
DA:22,1
DA:25,1
LF:9
LH:9
BRF:0
BRH:0
end_of_record
TN:
SF:routes\taskRoutes.js
FNF:0
FNH:0
DA:2,1
DA:12,1
DA:15,1
DA:18,1
DA:21,1
DA:24,1
DA:25,1
DA:26,1
DA:27,1
DA:28,1
DA:29,1
DA:32,1
LF:12
LH:12
BRF:0
BRH:0
end_of_record
TN:
SF:routes\userRoutes.js
FNF:0
FNH:0
DA:1,1
DA:4,1
DA:7,1
DA:10,1
DA:13,1
DA:14,1
DA:16,1
LF:7
LH:7
BRF:0
BRH:0
end_of_record
TN:
SF:test\waitForRouteHandlerCompletion.js
FN:3,(anonymous_0)
FN:7,(anonymous_1)
FN:9,(anonymous_2)
FN:24,(anonymous_3)
FNF:4
FNH:3
FNDA:21,(anonymous_0)
FNDA:21,(anonymous_1)
FNDA:0,(anonymous_2)
FNDA:18,(anonymous_3)
DA:3,2
DA:7,21
DA:9,21
DA:16,0
DA:17,0
DA:18,0
DA:24,21
DA:25,18
DA:31,21
DA:32,18
DA:33,18
DA:37,2
LF:12
LH:9
BRDA:16,0,0,0
BRDA:16,0,1,0
BRF:2
BRH:0
end_of_record
TN:
SF:validation\taskSchema.js
FNF:0
FNH:0
DA:1,3
DA:3,3
DA:9,3
DA:17,3
LF:4
LH:4
BRF:0
BRH:0
end_of_record
TN:
SF:validation\userSchema.js
FNF:0
FNH:0
DA:1,3
DA:3,3
DA:17,3
LF:3
LH:3
BRF:0
BRH:0
end_of_record
